<?xml version="1.0" encoding="UTF-8"?>
<testsuites name="jest tests" tests="6" failures="0" errors="0" time="3.473">
  <testsuite name="Autorizer Service health controller" errors="0" failures="0" skipped="0" timestamp="2023-02-10T06:12:26" time="2.014" tests="1">
    <testcase classname="Autorizer Service health controller should return that the service is healthy" name="Autorizer Service health controller should return that the service is healthy" time="0">
    </testcase>
  </testsuite>
  <testsuite name="Notification Service" errors="0" failures="0" skipped="0" timestamp="2023-02-10T06:12:26" time="2.763" tests="2">
    <testcase classname="Notification Service should be defined" name="Notification Service should be defined" time="0.007">
    </testcase>
    <testcase classname="Notification Service Register record log transaccion given the dynamic data when the schema is correct then it should write to kafka " name="Notification Service Register record log transaccion given the dynamic data when the schema is correct then it should write to kafka " time="0.003">
    </testcase>
  </testsuite>
  <testsuite name="Notification Controller" errors="0" failures="0" skipped="0" timestamp="2023-02-10T06:12:26" time="2.769" tests="3">
    <testcase classname="Notification Controller should be defined" name="Notification Controller should be defined" time="0.008">
    </testcase>
    <testcase classname="Notification Controller recordTransactionLog should return a message indicating that the event was transmitted" name="Notification Controller recordTransactionLog should return a message indicating that the event was transmitted" time="0.003">
    </testcase>
    <testcase classname="Notification Controller recordTransactionLog should throw an error when service do not respond correctly" name="Notification Controller recordTransactionLog should throw an error when service do not respond correctly" time="0.003">
    </testcase>
  </testsuite>
</testsuites>